<?xml version="1.0" encoding="UTF-8"?>
<testng-results total="2" passed="2" failed="0" skipped="0">
  <reporter-output>
  </reporter-output>
  <suite started-at="2022-11-07T05:10:52Z" name="Default suite" finished-at="2022-11-07T05:11:34Z" duration-ms="42907">
    <groups>
      <group name="cucumber">
        <method signature="AbstractTestNGCucumberTests.runScenario(io.cucumber.testng.PickleWrapper, io.cucumber.testng.FeatureWrapper)[pri:0, instance:runner.test_runner@36b4091c]" name="runScenario" class="io.cucumber.testng.AbstractTestNGCucumberTests"/>
      </group> <!-- cucumber -->
    </groups>
    <test started-at="2022-11-07T05:10:52Z" name="Default test" finished-at="2022-11-07T05:11:34Z" duration-ms="42907">
      <class name="runner.test_runner">
        <test-method is-config="true" signature="setUpClass(org.testng.ITestContext)[pri:0, instance:runner.test_runner@36b4091c]" started-at="2022-11-07T10:40:52Z" name="setUpClass" finished-at="2022-11-07T10:40:53Z" duration-ms="960" status="PASS">
          <params>
            <param index="0">
              <value>
                <![CDATA[org.testng.TestRunner@235d29d6]]>
              </value>
            </param>
          </params>
          <reporter-output>
          </reporter-output>
        </test-method> <!-- setUpClass -->
        <test-method signature="runScenario(io.cucumber.testng.PickleWrapper, io.cucumber.testng.FeatureWrapper)[pri:0, instance:runner.test_runner@36b4091c]" started-at="2022-11-07T10:40:53Z" name="runScenario" description="Runs Cucumber Scenarios" data-provider="scenarios" finished-at="2022-11-07T10:41:17Z" duration-ms="23922" status="PASS">
          <params>
            <param index="0">
              <value>
                <![CDATA["To test login with multiple data"]]>
              </value>
            </param>
            <param index="1">
              <value>
                <![CDATA["Optional[Test the guru99 App]"]]>
              </value>
            </param>
          </params>
          <reporter-output>
          </reporter-output>
        </test-method> <!-- runScenario -->
        <test-method signature="runScenario(io.cucumber.testng.PickleWrapper, io.cucumber.testng.FeatureWrapper)[pri:0, instance:runner.test_runner@36b4091c]" started-at="2022-11-07T10:41:17Z" name="runScenario" description="Runs Cucumber Scenarios" data-provider="scenarios" finished-at="2022-11-07T10:41:34Z" duration-ms="17889" status="PASS">
          <params>
            <param index="0">
              <value>
                <![CDATA["To test login with multiple data"]]>
              </value>
            </param>
            <param index="1">
              <value>
                <![CDATA["Optional[Test the guru99 App]"]]>
              </value>
            </param>
          </params>
          <reporter-output>
          </reporter-output>
        </test-method> <!-- runScenario -->
        <test-method is-config="true" signature="tearDownClass()[pri:0, instance:runner.test_runner@36b4091c]" started-at="2022-11-07T10:41:34Z" name="tearDownClass" finished-at="2022-11-07T10:41:34Z" duration-ms="34" status="PASS">
          <reporter-output>
          </reporter-output>
        </test-method> <!-- tearDownClass -->
      </class> <!-- runner.test_runner -->
    </test> <!-- Default test -->
  </suite> <!-- Default suite -->
</testng-results>
